{"/Users/papapin777/Documents/CODE/AI/endorphin-ai/framework/cli/init-command.ts": {"path":"/Users/papapin777/Documents/CODE/AI/endorphin-ai/framework/cli/init-command.ts","statementMap":{"0":{"start":{"line":32,"column":0},"end":{"line":32,"column":7}},"1":{"start":{"line":6,"column":0},"end":{"line":6,"column":29}},"2":{"start":{"line":7,"column":0},"end":{"line":7,"column":24}},"3":{"start":{"line":11,"column":25},"end":{"line":26,"column":1}},"4":{"start":{"line":13,"column":24},"end":{"line":22,"column":31}},"5":{"start":{"line":25,"column":2},"end":{"line":25,"column":26}},"6":{"start":{"line":33,"column":2},"end":{"line":33,"column":57}},"7":{"start":{"line":35,"column":2},"end":{"line":62,"column":3}},"8":{"start":{"line":37,"column":25},"end":{"line":38,"column":86}},"9":{"start":{"line":39,"column":4},"end":{"line":43,"column":5}},"10":{"start":{"line":40,"column":6},"end":{"line":40,"column":76}},"11":{"start":{"line":41,"column":6},"end":{"line":41,"column":63}},"12":{"start":{"line":42,"column":6},"end":{"line":42,"column":13}},"13":{"start":{"line":46,"column":4},"end":{"line":46,"column":39}},"14":{"start":{"line":49,"column":4},"end":{"line":49,"column":38}},"15":{"start":{"line":51,"column":4},"end":{"line":51,"column":68}},"16":{"start":{"line":52,"column":4},"end":{"line":52,"column":20}},"17":{"start":{"line":53,"column":4},"end":{"line":53,"column":34}},"18":{"start":{"line":54,"column":4},"end":{"line":54,"column":62}},"19":{"start":{"line":55,"column":4},"end":{"line":55,"column":63}},"20":{"start":{"line":56,"column":4},"end":{"line":56,"column":61}},"21":{"start":{"line":57,"column":4},"end":{"line":57,"column":20}},"22":{"start":{"line":58,"column":4},"end":{"line":58,"column":80}},"23":{"start":{"line":60,"column":4},"end":{"line":60,"column":68}},"24":{"start":{"line":61,"column":4},"end":{"line":61,"column":20}},"25":{"start":{"line":66,"column":15},"end":{"line":66,"column":57}},"26":{"start":{"line":68,"column":2},"end":{"line":72,"column":3}},"27":{"start":{"line":69,"column":20},"end":{"line":69,"column":45}},"28":{"start":{"line":70,"column":4},"end":{"line":70,"column":49}},"29":{"start":{"line":71,"column":4},"end":{"line":71,"column":49}},"30":{"start":{"line":77,"column":24},"end":{"line":77,"column":42}},"31":{"start":{"line":78,"column":22},"end":{"line":78,"column":61}},"32":{"start":{"line":81,"column":2},"end":{"line":88,"column":3}},"33":{"start":{"line":82,"column":4},"end":{"line":82,"column":33}},"34":{"start":{"line":84,"column":4},"end":{"line":84,"column":72}},"35":{"start":{"line":85,"column":4},"end":{"line":85,"column":70}},"36":{"start":{"line":86,"column":4},"end":{"line":86,"column":38}},"37":{"start":{"line":87,"column":4},"end":{"line":87,"column":11}},"38":{"start":{"line":90,"column":16},"end":{"line":96,"column":4}},"39":{"start":{"line":98,"column":2},"end":{"line":121,"column":3}},"40":{"start":{"line":99,"column":20},"end":{"line":99,"column":52}},"41":{"start":{"line":100,"column":21},"end":{"line":100,"column":52}},"42":{"start":{"line":102,"column":4},"end":{"line":120,"column":5}},"43":{"start":{"line":103,"column":20},"end":{"line":103,"column":54}},"44":{"start":{"line":106,"column":6},"end":{"line":110,"column":7}},"45":{"start":{"line":107,"column":8},"end":{"line":107,"column":42}},"46":{"start":{"line":108,"column":13},"end":{"line":110,"column":7}},"47":{"start":{"line":109,"column":8},"end":{"line":109,"column":45}},"48":{"start":{"line":113,"column":22},"end":{"line":113,"column":44}},"49":{"start":{"line":114,"column":6},"end":{"line":114,"column":51}},"50":{"start":{"line":116,"column":6},"end":{"line":116,"column":44}},"51":{"start":{"line":117,"column":6},"end":{"line":117,"column":46}},"52":{"start":{"line":119,"column":6},"end":{"line":119,"column":74}},"53":{"start":{"line":126,"column":2},"end":{"line":133,"column":45}},"54":{"start":{"line":138,"column":26},"end":{"line":141,"column":2}},"55":{"start":{"line":143,"column":2},"end":{"line":149,"column":40}},"56":{"start":{"line":153,"column":2},"end":{"line":158,"column":3}},"57":{"start":{"line":154,"column":4},"end":{"line":154,"column":30}},"58":{"start":{"line":155,"column":4},"end":{"line":155,"column":16}},"59":{"start":{"line":157,"column":4},"end":{"line":157,"column":17}},"60":{"start":{"line":163,"column":21},"end":{"line":170,"column":45}},"61":{"start":{"line":172,"column":2},"end":{"line":172,"column":63}},"62":{"start":{"line":173,"column":2},"end":{"line":173,"column":34}},"63":{"start":{"line":176,"column":24},"end":{"line":212,"column":40}},"64":{"start":{"line":214,"column":2},"end":{"line":214,"column":81}},"65":{"start":{"line":215,"column":2},"end":{"line":215,"column":49}},"66":{"start":{"line":218,"column":22},"end":{"line":227,"column":4}},"67":{"start":{"line":229,"column":2},"end":{"line":229,"column":69}},"68":{"start":{"line":230,"column":2},"end":{"line":230,"column":80}},"69":{"start":{"line":231,"column":2},"end":{"line":231,"column":50}},"70":{"start":{"line":234,"column":27},"end":{"line":269,"column":11}},"71":{"start":{"line":271,"column":2},"end":{"line":271,"column":75}},"72":{"start":{"line":272,"column":2},"end":{"line":272,"column":40}},"73":{"start":{"line":275,"column":24},"end":{"line":306,"column":19}},"74":{"start":{"line":308,"column":2},"end":{"line":308,"column":81}},"75":{"start":{"line":309,"column":2},"end":{"line":309,"column":49}}},"fnMap":{"0":{"name":"(anonymous_1)","decl":{"start":{"line":11,"column":25},"end":{"line":11,"column":36}},"loc":{"start":{"line":11,"column":38},"end":{"line":26,"column":1}}},"1":{"name":"initProject","decl":{"start":{"line":32,"column":22},"end":{"line":32,"column":33}},"loc":{"start":{"line":32,"column":67},"end":{"line":63,"column":1}}},"2":{"name":"createDirectories","decl":{"start":{"line":65,"column":15},"end":{"line":65,"column":32}},"loc":{"start":{"line":65,"column":50},"end":{"line":73,"column":1}}},"3":{"name":"copyExampleFiles","decl":{"start":{"line":75,"column":15},"end":{"line":75,"column":31}},"loc":{"start":{"line":75,"column":49},"end":{"line":122,"column":1}}},"4":{"name":"processEnvFile","decl":{"start":{"line":124,"column":9},"end":{"line":124,"column":23}},"loc":{"start":{"line":124,"column":39},"end":{"line":134,"column":1}}},"5":{"name":"processConfigFile","decl":{"start":{"line":136,"column":9},"end":{"line":136,"column":26}},"loc":{"start":{"line":136,"column":42},"end":{"line":150,"column":1}}},"6":{"name":"fileExists","decl":{"start":{"line":152,"column":15},"end":{"line":152,"column":25}},"loc":{"start":{"line":152,"column":42},"end":{"line":159,"column":1}}},"7":{"name":"createBasicFiles","decl":{"start":{"line":161,"column":15},"end":{"line":161,"column":31}},"loc":{"start":{"line":161,"column":49},"end":{"line":310,"column":1}}}},"branchMap":{"0":{"loc":{"start":{"line":19,"column":4},"end":{"line":19,"column":79}},"type":"cond-expr","locations":[{"start":{"line":19,"column":39},"end":{"line":19,"column":72}},{"start":{"line":19,"column":75},"end":{"line":19,"column":79}}]},"1":{"loc":{"start":{"line":32,"column":34},"end":{"line":32,"column":67}},"type":"default-arg","locations":[{"start":{"line":32,"column":54},"end":{"line":32,"column":67}}]},"2":{"loc":{"start":{"line":37,"column":25},"end":{"line":38,"column":86}},"type":"binary-expr","locations":[{"start":{"line":37,"column":25},"end":{"line":37,"column":86}},{"start":{"line":38,"column":25},"end":{"line":38,"column":86}}]},"3":{"loc":{"start":{"line":39,"column":4},"end":{"line":43,"column":5}},"type":"if","locations":[{"start":{"line":39,"column":4},"end":{"line":43,"column":5}},{"start":{},"end":{}}]},"4":{"loc":{"start":{"line":106,"column":6},"end":{"line":110,"column":7}},"type":"if","locations":[{"start":{"line":106,"column":6},"end":{"line":110,"column":7}},{"start":{"line":108,"column":13},"end":{"line":110,"column":7}}]},"5":{"loc":{"start":{"line":108,"column":13},"end":{"line":110,"column":7}},"type":"if","locations":[{"start":{"line":108,"column":13},"end":{"line":110,"column":7}},{"start":{},"end":{}}]}},"s":{"0":2,"1":2,"2":2,"3":2,"4":16,"5":16,"6":21,"7":21,"8":21,"9":21,"10":3,"11":3,"12":3,"13":18,"14":16,"15":16,"16":16,"17":16,"18":16,"19":16,"20":16,"21":16,"22":16,"23":2,"24":2,"25":18,"26":18,"27":50,"28":50,"29":48,"30":16,"31":16,"32":16,"33":16,"34":16,"35":16,"36":16,"37":16,"38":0,"39":0,"40":0,"41":0,"42":0,"43":0,"44":0,"45":0,"46":0,"47":0,"48":0,"49":0,"50":0,"51":0,"52":0,"53":0,"54":0,"55":0,"56":39,"57":39,"58":3,"59":36,"60":16,"61":16,"62":16,"63":16,"64":16,"65":16,"66":16,"67":16,"68":16,"69":16,"70":16,"71":16,"72":16,"73":16,"74":16,"75":16},"f":{"0":16,"1":21,"2":18,"3":16,"4":0,"5":0,"6":39,"7":16},"b":{"0":[16,0],"1":[1],"2":[21,18],"3":[3,18],"4":[0,0],"5":[0,0]}}
}
