{"/Users/papapin777/Documents/CODE/AI/endorphin-ai/tests/post-install/version-helper.ts": {"path":"/Users/papapin777/Documents/CODE/AI/endorphin-ai/tests/post-install/version-helper.ts","statementMap":{"0":{"start":{"line":13,"column":0},"end":{"line":13,"column":7}},"1":{"start":{"line":39,"column":0},"end":{"line":39,"column":16}},"2":{"start":{"line":47,"column":0},"end":{"line":47,"column":7}},"3":{"start":{"line":6,"column":0},"end":{"line":6,"column":29}},"4":{"start":{"line":7,"column":0},"end":{"line":7,"column":24}},"5":{"start":{"line":14,"column":18},"end":{"line":14,"column":46}},"6":{"start":{"line":16,"column":2},"end":{"line":30,"column":3}},"7":{"start":{"line":17,"column":23},"end":{"line":17,"column":58}},"8":{"start":{"line":18,"column":25},"end":{"line":18,"column":60}},"9":{"start":{"line":20,"column":4},"end":{"line":22,"column":5}},"10":{"start":{"line":21,"column":6},"end":{"line":21,"column":56}},"11":{"start":{"line":24,"column":20},"end":{"line":24,"column":42}},"12":{"start":{"line":25,"column":4},"end":{"line":25,"column":80}},"13":{"start":{"line":26,"column":4},"end":{"line":26,"column":19}},"14":{"start":{"line":28,"column":4},"end":{"line":28,"column":62}},"15":{"start":{"line":29,"column":4},"end":{"line":29,"column":71}},"16":{"start":{"line":40,"column":2},"end":{"line":40,"column":49}},"17":{"start":{"line":48,"column":20},"end":{"line":48,"column":49}},"18":{"start":{"line":50,"column":2},"end":{"line":81,"column":5}},"19":{"start":{"line":51,"column":4},"end":{"line":51,"column":79}},"20":{"start":{"line":53,"column":18},"end":{"line":55,"column":6}},"21":{"start":{"line":57,"column":17},"end":{"line":57,"column":19}},"22":{"start":{"line":58,"column":17},"end":{"line":58,"column":19}},"23":{"start":{"line":60,"column":4},"end":{"line":62,"column":7}},"24":{"start":{"line":61,"column":6},"end":{"line":61,"column":32}},"25":{"start":{"line":64,"column":4},"end":{"line":66,"column":7}},"26":{"start":{"line":65,"column":6},"end":{"line":65,"column":32}},"27":{"start":{"line":68,"column":4},"end":{"line":76,"column":7}},"28":{"start":{"line":69,"column":6},"end":{"line":75,"column":7}},"29":{"start":{"line":70,"column":8},"end":{"line":70,"column":80}},"30":{"start":{"line":71,"column":8},"end":{"line":71,"column":18}},"31":{"start":{"line":73,"column":8},"end":{"line":73,"column":69}},"32":{"start":{"line":74,"column":8},"end":{"line":74,"column":98}},"33":{"start":{"line":78,"column":4},"end":{"line":80,"column":7}},"34":{"start":{"line":79,"column":6},"end":{"line":79,"column":20}}},"fnMap":{"0":{"name":"getTestVersion","decl":{"start":{"line":13,"column":22},"end":{"line":13,"column":36}},"loc":{"start":{"line":13,"column":36},"end":{"line":31,"column":1}}},"1":{"name":"createVersionedCommand","decl":{"start":{"line":39,"column":16},"end":{"line":39,"column":38}},"loc":{"start":{"line":39,"column":73},"end":{"line":41,"column":1}}},"2":{"name":"verifyVersionExists","decl":{"start":{"line":47,"column":22},"end":{"line":47,"column":41}},"loc":{"start":{"line":47,"column":57},"end":{"line":82,"column":1}}},"3":{"name":"(anonymous_13)","decl":{"start":{"line":48,"column":20},"end":{"line":48,"column":33}},"loc":{"start":{"line":48,"column":20},"end":{"line":48,"column":49}}},"4":{"name":"(anonymous_14)","decl":{"start":{"line":50,"column":21},"end":{"line":50,"column":22}},"loc":{"start":{"line":50,"column":41},"end":{"line":81,"column":3}}},"5":{"name":"(anonymous_15)","decl":{"start":{"line":60,"column":29},"end":{"line":60,"column":30}},"loc":{"start":{"line":60,"column":38},"end":{"line":62,"column":5}}},"6":{"name":"(anonymous_16)","decl":{"start":{"line":64,"column":29},"end":{"line":64,"column":30}},"loc":{"start":{"line":64,"column":38},"end":{"line":66,"column":5}}},"7":{"name":"(anonymous_17)","decl":{"start":{"line":68,"column":22},"end":{"line":68,"column":23}},"loc":{"start":{"line":68,"column":31},"end":{"line":76,"column":5}}},"8":{"name":"(anonymous_18)","decl":{"start":{"line":78,"column":22},"end":{"line":78,"column":23}},"loc":{"start":{"line":78,"column":32},"end":{"line":80,"column":5}}}},"branchMap":{"0":{"loc":{"start":{"line":20,"column":4},"end":{"line":22,"column":5}},"type":"if","locations":[{"start":{"line":20,"column":4},"end":{"line":22,"column":5}},{"start":{},"end":{}}]},"1":{"loc":{"start":{"line":20,"column":8},"end":{"line":20,"column":41}},"type":"binary-expr","locations":[{"start":{"line":20,"column":8},"end":{"line":20,"column":21}},{"start":{"line":20,"column":25},"end":{"line":20,"column":41}}]},"2":{"loc":{"start":{"line":69,"column":6},"end":{"line":75,"column":7}},"type":"if","locations":[{"start":{"line":69,"column":6},"end":{"line":75,"column":7}},{"start":{"line":72,"column":13},"end":{"line":75,"column":7}}]},"3":{"loc":{"start":{"line":69,"column":10},"end":{"line":69,"column":49}},"type":"binary-expr","locations":[{"start":{"line":69,"column":10},"end":{"line":69,"column":20}},{"start":{"line":69,"column":24},"end":{"line":69,"column":49}}]}},"s":{"0":1,"1":1,"2":1,"3":1,"4":1,"5":1,"6":1,"7":1,"8":1,"9":1,"10":0,"11":1,"12":1,"13":1,"14":0,"15":0,"16":13,"17":2,"18":1,"19":1,"20":1,"21":1,"22":1,"23":1,"24":1,"25":1,"26":0,"27":1,"28":1,"29":1,"30":1,"31":0,"32":0,"33":1,"34":0},"f":{"0":1,"1":13,"2":1,"3":1,"4":1,"5":1,"6":0,"7":1,"8":0},"b":{"0":[0,1],"1":[1,1],"2":[1,0],"3":[1,1]}}
}
