TN:
SF:framework/cli/init-command.ts
FN:11,(anonymous_1)
FN:32,initProject
FN:65,createDirectories
FN:75,copyExampleFiles
FN:124,processEnvFile
FN:136,processConfigFile
FN:152,fileExists
FN:161,createBasicFiles
FNF:8
FNH:6
FNDA:16,(anonymous_1)
FNDA:21,initProject
FNDA:18,createDirectories
FNDA:16,copyExampleFiles
FNDA:0,processEnvFile
FNDA:0,processConfigFile
FNDA:39,fileExists
FNDA:16,createBasicFiles
DA:6,2
DA:7,2
DA:11,2
DA:13,16
DA:25,16
DA:32,2
DA:33,21
DA:35,21
DA:37,21
DA:39,21
DA:40,3
DA:41,3
DA:42,3
DA:46,18
DA:49,16
DA:51,16
DA:52,16
DA:53,16
DA:54,16
DA:55,16
DA:56,16
DA:57,16
DA:58,16
DA:60,2
DA:61,2
DA:66,18
DA:68,18
DA:69,50
DA:70,50
DA:71,48
DA:77,16
DA:78,16
DA:81,16
DA:82,16
DA:84,16
DA:85,16
DA:86,16
DA:87,16
DA:90,0
DA:98,0
DA:99,0
DA:100,0
DA:102,0
DA:103,0
DA:106,0
DA:107,0
DA:108,0
DA:109,0
DA:113,0
DA:114,0
DA:116,0
DA:117,0
DA:119,0
DA:126,0
DA:138,0
DA:143,0
DA:153,39
DA:154,39
DA:155,3
DA:157,36
DA:163,16
DA:172,16
DA:173,16
DA:176,16
DA:214,16
DA:215,16
DA:218,16
DA:229,16
DA:230,16
DA:231,16
DA:234,16
DA:271,16
DA:272,16
DA:275,16
DA:308,16
DA:309,16
LF:76
LH:58
BRDA:19,0,0,16
BRDA:19,0,1,0
BRDA:32,1,0,1
BRDA:37,2,0,21
BRDA:37,2,1,18
BRDA:39,3,0,3
BRDA:39,3,1,18
BRDA:106,4,0,0
BRDA:106,4,1,0
BRDA:108,5,0,0
BRDA:108,5,1,0
BRF:11
BRH:6
end_of_record
