TN:
SF:framework/cli/init-command.ts
FN:11,(anonymous_1)
FN:42,initProject
FN:74,createDirectories
FN:84,copyExampleFiles
FN:133,processEnvFile
FN:145,processConfigFile
FN:161,fileExists
FN:170,createBasicFiles
FNF:8
FNH:7
FNDA:8,(anonymous_1)
FNDA:10,initProject
FNDA:9,createDirectories
FNDA:8,copyExampleFiles
FNDA:8,processEnvFile
FNDA:8,processConfigFile
FNDA:10,fileExists
FNDA:0,createBasicFiles
DA:6,1
DA:7,1
DA:11,1
DA:13,8
DA:23,8
DA:24,8
DA:25,8
DA:28,8
DA:30,0
DA:35,0
DA:42,1
DA:43,10
DA:45,10
DA:47,10
DA:48,10
DA:49,1
DA:50,1
DA:51,1
DA:55,9
DA:58,8
DA:60,8
DA:61,8
DA:62,8
DA:63,8
DA:64,8
DA:65,8
DA:66,8
DA:67,8
DA:69,1
DA:70,1
DA:75,9
DA:77,9
DA:78,25
DA:79,25
DA:80,24
DA:86,8
DA:87,8
DA:90,8
DA:91,8
DA:93,0
DA:94,0
DA:95,0
DA:96,0
DA:99,8
DA:107,8
DA:108,40
DA:109,40
DA:111,40
DA:112,40
DA:115,40
DA:116,8
DA:117,32
DA:118,8
DA:122,40
DA:123,40
DA:125,40
DA:126,40
DA:128,0
DA:135,8
DA:147,8
DA:152,8
DA:162,10
DA:163,10
DA:164,1
DA:166,9
DA:172,0
DA:181,0
DA:182,0
DA:185,0
DA:223,0
DA:224,0
DA:227,0
DA:238,0
DA:239,0
DA:240,0
DA:243,0
DA:280,0
DA:281,0
DA:284,0
DA:317,0
DA:318,0
LF:81
LH:58
BRDA:17,0,0,8
BRDA:17,0,1,0
BRDA:42,1,0,0
BRDA:48,2,0,1
BRDA:48,2,1,9
BRDA:115,3,0,8
BRDA:115,3,1,32
BRDA:117,4,0,8
BRDA:117,4,1,24
BRF:9
BRH:7
end_of_record
